<?xml version="1.0" encoding="UTF-8"?>
<!-- Generated by org.testng.reporters.JUnitXMLReporter -->
<testsuite hostname="colfax" ignored="0" tests="4" failures="1" timestamp="11 серп. 2017 09:53:30 GMT" time="23.723" errors="0">
  <testcase name="checkContainerPage" time="10.816" classname="MainTest"/>
  <testcase name="findBVapi" time="3.628" classname="MainTest"/>
  <testcase name="gotoSeleniumWikiPage" time="2.737" classname="MainTest"/>
  <testcase name="gotoSeleniumWikiPageFailure" time="2.346" classname="MainTest">
    <failure type="java.lang.AssertionError" message="expected [Selenium WebDriver] but found [Selenium]">
      <![CDATA[java.lang.AssertionError: expected [Selenium WebDriver] but found [Selenium]
	at MainTest.gotoSeleniumWikiPageFailure(MainTest.java:106)
... Removed 34 stack frames]]>
    </failure>
  </testcase> <!-- gotoSeleniumWikiPageFailure -->
</testsuite>
